C51 COMPILER V9.60.0.0   DS1302                                                            10/08/2020 11:30:03 PAGE 1   


C51 COMPILER V9.60.0.0, COMPILATION OF MODULE DS1302
OBJECT MODULE PLACED IN .\Objects\DS1302.obj
COMPILER INVOKED BY: E:\Keil\Software\C51\BIN\C51.EXE Hardware\DS1302.c COMPACT OPTIMIZE(9,SPEED) BROWSE INCDIR(.\Basic;
                    -.\Hardware;.\User) DEBUG OBJECTEXTEND PRINT(.\Listings\DS1302.lst) TABS(2) OBJECT(.\Objects\DS1302.obj)

line level    source

   1          #include "Sys.h"                      
   2          
   3          void Write_Ds1302(unsigned  char temp) 
   4          {
   5   1        unsigned char i;
   6   1        for (i=0;i<8;i++)       
   7   1        { 
   8   2          SCK=0;
   9   2          SDA_D=temp&0x01;
  10   2          temp>>=1; 
  11   2          SCK=1;
  12   2        }
  13   1        SCK = 0;//МЧЕУМгЩЯ
  14   1      }   
  15          /*******************************/
  16          u8 Read_Ds1302(){
  17   1        u8 i = 0, temp = 0x00;
  18   1        for (i=0;i<8;i++)                       //етЖЮРДздгкЕк47аа
  19   1        {   
  20   2          SCK=0;
  21   2          temp>>=1; 
  22   2          if(SDA_D)
  23   2          temp|=0x80; 
  24   2          SCK=1;
  25   2        } 
  26   1        SCK = 0;//МЧЕУМгЩЯ
  27   1        return (temp);    
  28   1      }
  29          /*******************************/
  30          void Write_Ds1302_Byte( unsigned char address,unsigned char dat )     
  31          {
  32   1        RST=0;  _nop_();
  33   1        SCK=0;  _nop_();
  34   1        RST=1;  _nop_(); 
  35   1        Write_Ds1302(address);  
  36   1        Write_Ds1302(dat);    
  37   1        RST=0; 
  38   1      }
  39          
  40          unsigned char Read_Ds1302_Byte ( unsigned char address )//ЮДЪЙгУ
  41          {
  42   1        unsigned char i,temp=0x00;
  43   1        RST=0;  _nop_();
  44   1        SCK=0;  _nop_();
  45   1        RST=1;  _nop_();
  46   1        Write_Ds1302(address);
  47   1        for (i=0;i<8;i++)   
  48   1        {   
  49   2          SCK=0;
  50   2          temp>>=1; 
  51   2          if(SDA_D)
  52   2          temp|=0x80; 
  53   2          SCK=1;
  54   2        } 
C51 COMPILER V9.60.0.0   DS1302                                                            10/08/2020 11:30:03 PAGE 2   

  55   1        RST=0;  _nop_();
  56   1        SCK=0;  _nop_();
  57   1        SCK=1;  _nop_();
  58   1        SDA_D=0;  _nop_();
  59   1        SDA_D=1;  _nop_();
  60   1        return (temp);      
  61   1      }/*******************************/
  62          
  63          /**************************************************************************
  64          КЏЪ§ЙІФмЃКDS1302BurstаД
  65          ШыПкВЮЪ§ЃКД§аДШыЪ§зщЕижЗ
  66          ЗЕЛижЕ  ЃКЮо
  67          **************************************************************************/
  68          void DS1302BurstWrite(u8 *Dat){
  69   1        u8 index = 0;
  70   1        RST = 1;
  71   1        Write_Ds1302(0xBE);                     //аДBurstаДжИСю
  72   1        for(index = 0 ; index < 8; index ++){
  73   2                                                //ЖСЪ§Он
  74   2          Write_Ds1302(Dat[index]);
  75   2        }
  76   1        RST = 0;
  77   1      }
  78          /**************************************************************************
  79          КЏЪ§ЙІФмЃКDS1302BurstЖС
  80          ШыПкВЮЪ§ЃКЪБМфДцДЂЪ§зщЕижЗ
  81          ЗЕЛижЕ  ЃКЮо
  82          **************************************************************************/
  83          void DS1302BurstRead(u8 *Dat){
  84   1        u8 index = 0;
  85   1        RST = 1;
  86   1        Write_Ds1302(0xBF);                     //аДBurstЖСжИСю
  87   1        for(index = 0 ; index < 8; index ++){
  88   2                                                //ЖСЪ§Он
  89   2          Dat[index] = Read_Ds1302();
  90   2        }
  91   1        RST = 0;
  92   1      }
  93          /**************************************************************************
  94          КЏЪ§ЙІФмЃКDS1302ЪБМфГѕЪМЛЏ
  95          ШыПкВЮЪ§ЃКЮо
  96          ЗЕЛижЕ  ЃКЮо
  97          **************************************************************************/
  98          void DS1302Init(){
  99   1        u8 InitTime[] = {                       //2019Фъ12дТ12Ше аЧЦкЫФ 10:00:00
 100   1              0x00,0x00,0x10, 0x12, 0x12, 0x04, 0x19
 101   1          };//Уы   Зж   ЪБ    Ше    дТ    жм    Фъ
 102   1        RST = 0;
 103   1        SDA_D = 0;
 104   1        Write_Ds1302_Byte(0x8E,0x00);           //ГЗЯњаДБЃЛЄ
 105   1        DS1302BurstWrite(InitTime);
 106   1      }
 107          /**************************************************************************
 108          КЏЪ§ЙІФмЃКЪБМфЖСШЁ
 109          ШыПкВЮЪ§ЃКЮо
 110          ЗЕЛижЕ  ЃКЮо
 111          **************************************************************************/
 112          void TimeTranslate(){
 113   1        u8 Time[7] = {
 114   1          0xFF, 0xFF, 0xFF, 0xFF, 0xFF, 0xFF, 0xFF
 115   1        };
 116   1        DS1302BurstRead(Time);
C51 COMPILER V9.60.0.0   DS1302                                                            10/08/2020 11:30:03 PAGE 3   

 117   1        
 118   1        LocalTime.Sec   = Time[0];
 119   1        LocalTime.Minu  = Time[1];
 120   1        LocalTime.Hour  = Time[2];
 121   1        LocalTime.Day   = Time[3];
 122   1        LocalTime.Month = Time[4];
 123   1        LocalTime.Week  = Time[5];
 124   1        LocalTime.Year  = Time[6];
 125   1      }
 126          /**************************************************************************
 127          КЏЪ§ЙІФмЃКНЋЪЕЪБЪБМфМгдиЕНЪ§ТыЙмЛКГхЧј
 128          ШыПкВЮЪ§ЃКЮо
 129          ЗЕЛижЕ  ЃКЮо
 130          **************************************************************************/
 131          void TimeDisplay(){
 132   1        
 133   1        TimeTranslate();
 134   1        
 135   1        SMG_Buff[0] = SMG[LocalTime.Hour >> 4];
 136   1        SMG_Buff[1] = SMG[LocalTime.Hour & 0x0F];
 137   1        SMG_Buff[2] = 0xBF;//-
 138   1        SMG_Buff[3] = SMG[LocalTime.Minu >> 4];
 139   1        SMG_Buff[4] = SMG[LocalTime.Minu & 0x0F];
 140   1        SMG_Buff[5] = 0xBF;
 141   1        SMG_Buff[6] = SMG[LocalTime.Sec >> 4];
 142   1        SMG_Buff[7] = SMG[LocalTime.Sec & 0x0F];
 143   1      }
 144          /**************************************************************************
 145          КЏЪ§ЙІФмЃКЪЎСљНјжЦЪ§зЊBCDТы
 146          ШыПкВЮЪ§ЃКЪЎСљНјжЦЪ§
 147          ЗЕЛижЕ  ЃКBCDТы
 148          **************************************************************************/
 149          //u8 HexToBCD(u8 Hex){
 150          //  u8 BCD;
 151          //  BCD = Hex/10;
 152          //  BCD <<= 4;
 153          //  BCD |= Hex % 10;
 154          //  
 155          //  return BCD;
 156          //}
 157          /**************************************************************************
 158          КЏЪ§ЙІФмЃКBCDТызЊЪЎСљНјжЦЪ§
 159          ШыПкВЮЪ§ЃКBCDТы
 160          ЗЕЛижЕ  ЃКЪЎСљНјжЦЪ§
 161          **************************************************************************/
 162          //u8 BCDToHex(u8 BCD){
 163          //  u8 Hex;
 164          //  Hex = (BCD >> 4)*10 + (BCD & 0x0F);
 165          //  
 166          //  return Hex;
 167          //}
 168          /*******************************/


MODULE INFORMATION:   STATIC OVERLAYABLE
   CODE SIZE        =    398    ----
   CONSTANT SIZE    =     14    ----
   XDATA SIZE       =   ----    ----
   PDATA SIZE       =   ----      20
   DATA SIZE        =   ----    ----
   IDATA SIZE       =   ----    ----
   BIT SIZE         =   ----    ----
C51 COMPILER V9.60.0.0   DS1302                                                            10/08/2020 11:30:03 PAGE 4   

END OF MODULE INFORMATION.


C51 COMPILATION COMPLETE.  0 WARNING(S),  0 ERROR(S)
