C51 COMPILER V9.60.0.0   IIC                                                               10/08/2020 11:30:02 PAGE 1   


C51 COMPILER V9.60.0.0, COMPILATION OF MODULE IIC
OBJECT MODULE PLACED IN .\Objects\IIC.obj
COMPILER INVOKED BY: E:\Keil\Software\C51\BIN\C51.EXE Hardware\IIC.c COMPACT OPTIMIZE(9,SPEED) BROWSE INCDIR(.\Basic;.\H
                    -ardware;.\User) DEBUG OBJECTEXTEND PRINT(.\Listings\IIC.lst) TABS(2) OBJECT(.\Objects\IIC.obj)

line level    source

   1          #include "Sys.h"
   2          
   3          #define DELAY_TIME 11
   4          #define SlaveAddrW 0xA0//24C02写地址
   5          #define SlaveAddrR 0xA1//24C02读地址
   6          #define somenop {_nop_();_nop_();_nop_();_nop_();_nop_();_nop_();_nop_();_nop_();_nop_();_nop_();_nop_();_
             -nop_();_nop_();_nop_();_nop_();_nop_();_nop_();_nop_();_nop_();_nop_();_nop_();_nop_();_nop_();_nop_();_nop_();_nop_();_
             -nop_();_nop_();_nop_();_nop_();}
   7          
   8          //总线引脚定义
   9          sbit SDA = P2^1;  /* 数据线 */
  10          sbit SCL = P2^0;  /* 时钟线 */
  11          
  12          //void IIC_Delay(unsigned char i)
  13          //{
  14          //    do{_nop_();}
  15          //    while(i--);        
  16          //}
  17          //总线启动条件
  18          void IIC_Start(void)
  19          {
  20   1          SDA = 1;
  21   1          SCL = 1;
  22   1          somenop
  23   1          SDA = 0;
  24   1          somenop
  25   1          SCL = 0;  
  26   1      }
  27          
  28          //总线停止条件
  29          void IIC_Stop(void)
  30          {
  31   1          SDA = 0;
  32   1          SCL = 1;
  33   1          somenop
  34   1          SDA = 1;
  35   1          somenop
  36   1      }
  37          
  38          //发送应答
  39          void IIC_SendAck(bit ackbit)
  40          {
  41   1          SCL = 0;
  42   1          SDA = ackbit;           // 0：应答，1：非应答
  43   1          somenop
  44   1          SCL = 1;
  45   1          somenop
  46   1          SCL = 0; 
  47   1          SDA = 1;
  48   1          somenop
  49   1      }
  50          
  51          //等待应答
  52          bit IIC_WaitAck(void)
C51 COMPILER V9.60.0.0   IIC                                                               10/08/2020 11:30:02 PAGE 2   

  53          {
  54   1          bit ackbit;
  55   1        
  56   1          SCL  = 1;
  57   1          somenop
  58   1          ackbit = SDA;
  59   1          SCL = 0;
  60   1          somenop
  61   1          return ~ackbit;
  62   1      }
  63          
  64          //通过I2C总线发送数据
  65          void IIC_SendByte(unsigned char byt)
  66          {
  67   1          unsigned char i;
  68   1      
  69   1          for(i=0; i<8; i++)
  70   1          {
  71   2              SCL  = 0;
  72   2              somenop
  73   2              if(byt & 0x80) SDA  = 1;
  74   2              else SDA  = 0;
  75   2              somenop
  76   2              SCL = 1;
  77   2              byt <<= 1;
  78   2              somenop
  79   2          }
  80   1          SCL  = 0;  
  81   1      }
  82          
  83          //从I2C总线上接收数据
  84          unsigned char IIC_RecByte(void)
  85          {
  86   1          unsigned char i, da;
  87   1          for(i=0; i<8; i++)
  88   1          {   
  89   2          SCL = 1;
  90   2          somenop
  91   2          da <<= 1;
  92   2          if(SDA) da |= 1;
  93   2          SCL = 0;
  94   2          somenop
  95   2          }
  96   1          return da;    
  97   1      }
  98          
  99          /**************************************************************************
 100          函数功能：电压获取
 101          入口参数：PCF8591控制器件地址
 102          返回值  ：无
 103          **************************************************************************/
 104          u8 AD_read(u8 add)
 105          {
 106   1        u8 dat;
 107   1        IIC_Start();
 108   1        IIC_SendByte(0x90); //发送写指令
 109   1        IIC_WaitAck();      //等待从机应答
 110   1        IIC_SendByte(add);  //写入控制器件地址
 111   1        IIC_WaitAck();      //等待从机应答
 112   1        IIC_Stop();
 113   1        
 114   1        IIC_Start();
C51 COMPILER V9.60.0.0   IIC                                                               10/08/2020 11:30:02 PAGE 3   

 115   1        IIC_SendByte(0x91); //发送读指令
 116   1        IIC_WaitAck();      //等待从机应答
 117   1        dat=IIC_RecByte();  //读取数据
 118   1        IIC_SendAck(0);     //发送非应答信号
 119   1        IIC_Stop();
 120   1        return dat;
 121   1      }
 122          /**************************************************************************
 123          函数功能：电压显示
 124          入口参数：无
 125          返回值  ：无
 126          **************************************************************************/
 127          void AD_Get()
 128          {
 129   1        u8 temp = 0;
 130   1        EA = 0;                 //消除闪烁
 131   1        temp = AD_read(1);      //3电位器1光敏电阻
 132   1        EA = 1;
 133   1        //temp =(temp*50) / 255;//使显示电压
 134   1        temp /= 2.55;           //使显示百分比
 135   1        SMG_Buff[5] = SMG[temp / 100];
 136   1        SMG_Buff[6] = SMG[(temp / 10) % 10];
 137   1        SMG_Buff[7] = SMG[temp % 10];
 138   1      }


MODULE INFORMATION:   STATIC OVERLAYABLE
   CODE SIZE        =    639    ----
   CONSTANT SIZE    =   ----    ----
   XDATA SIZE       =   ----    ----
   PDATA SIZE       =   ----    ----
   DATA SIZE        =   ----    ----
   IDATA SIZE       =   ----    ----
   BIT SIZE         =   ----       2
END OF MODULE INFORMATION.


C51 COMPILATION COMPLETE.  0 WARNING(S),  0 ERROR(S)
