C51 COMPILER V9.60.0.0   SMG                                                               10/08/2020 11:30:02 PAGE 1   


C51 COMPILER V9.60.0.0, COMPILATION OF MODULE SMG
OBJECT MODULE PLACED IN .\Objects\SMG.obj
COMPILER INVOKED BY: E:\Keil\Software\C51\BIN\C51.EXE Hardware\SMG.c COMPACT OPTIMIZE(9,SPEED) BROWSE INCDIR(.\Basic;.\H
                    -ardware;.\User) DEBUG OBJECTEXTEND PRINT(.\Listings\SMG.lst) TABS(2) OBJECT(.\Objects\SMG.obj)

line level    source

   1          #include "Sys.h"
   2          
   3          u8 SMG_Buff[8] = {
   4            0xFF, 0xFF, 0xFF, 0xFF, 0xFF, 0xFF, 0xFF, 0xFF
   5          };
   6          
   7          u8 code SMG[] = {
   8                          0xC0,  //"0"
   9                          0xF9,  //"1"
  10                          0xA4,  //"2"
  11                          0xB0,  //"3"
  12                          0x99,  //"4"
  13                          0x92,  //"5"
  14                          0x82,  //"6"
  15                          0xF8,  //"7"
  16                          0x80,  //"8"
  17                          0x90,  //"9"
  18                          0x88,  //"A"
  19                          0x83,  //"B"
  20                          0xC6,  //"C"
  21                          0xA1,  //"D"
  22                          0x86,  //"E"
  23                          0x8E,  //"F"
  24                          0x89,  //"H"
  25                          0xC7,  //"L"
  26                          0xC8,  //"n"
  27                          0xC1,  //"u"
  28                          0x8C,  //"P"
  29                          0xA3,  //"o"
  30                          0xBF,  //"-"
  31                          0xFF,  //熄灭
  32                          0xFF  //自定义
  33          };
  34          /**************************************************************************
  35          函数功能：数码管动态刷新
  36          入口参数：无
  37          返回值  ：无
  38          **************************************************************************/
  39          void SMG_Display()
  40          {
  41   1        static u8 index = 0;
  42   1        
  43   1      
  44   1        P2 = (P2&0x1F) | 0xE0;  // 0001 1111 1110 0000 
  45   1        P0 = 0xFF;
  46   1        P2 = P2&0x1F;
  47   1        _nop_();
  48   1        
  49   1        P2 = (P2&0x1F) | 0xC0;
  50   1        P0 = 0x01<<index; // 0000 0001
  51   1        P2 = P2&0x1F;
  52   1        
  53   1        _nop_();
  54   1        P2 = (P2&0x1F) | 0xE0;
C51 COMPILER V9.60.0.0   SMG                                                               10/08/2020 11:30:02 PAGE 2   

  55   1        P0 = SMG_Buff[index];
  56   1        P2 = P2&0x1F;
  57   1        _nop_();
  58   1        index++;
  59   1      
  60   1        index &= 0x07; 
  61   1      }
  62          /**************************************************************************
  63          函数功能：清空数码管缓冲区
  64          入口参数：无
  65          返回值  ：无
  66          **************************************************************************/
  67          void Refresh()
  68          {
  69   1        u8 index = 0;
  70   1        for(index = 0; index < 8; index ++) SMG_Buff[index] = 0xFF;
  71   1      }


MODULE INFORMATION:   STATIC OVERLAYABLE
   CODE SIZE        =     95    ----
   CONSTANT SIZE    =     25    ----
   XDATA SIZE       =   ----    ----
   PDATA SIZE       =      9    ----
   DATA SIZE        =   ----    ----
   IDATA SIZE       =   ----    ----
   BIT SIZE         =   ----    ----
END OF MODULE INFORMATION.


C51 COMPILATION COMPLETE.  0 WARNING(S),  0 ERROR(S)
